-------------------------------------------------------------------------------
Test set: com.mouniqa.testng.test.TestNgMavenExampleTest
-------------------------------------------------------------------------------
Tests run: 2, Failures: 1, Errors: 0, Skipped: 0, Time elapsed: 0.504 sec <<< FAILURE! - in com.mouniqa.testng.test.TestNgMavenExampleTest
callLogin(com.mouniqa.testng.test.TestNgMavenExampleTest)  Time elapsed: 0.018 sec  <<< FAILURE!
java.lang.UnsupportedClassVersionError: org/openqa/selenium/WebDriver : Unsupported major.minor version 51.0
	at com.mouniqa.testng.test.TestNgMavenExampleTest.callLogin(TestNgMavenExampleTest.java:19)

